# JRE version: OpenJDK Runtime Environment (8.0_171-b11) (build 1.8.0_171-8u171-b11-1~deb9u1-b11)
# Java VM: OpenJDK 64-Bit Server VM (25.171-b11 mixed mode linux-amd64 compressed oops)
Heap:
 PSYoungGen      total 11264K, used 1783K [0x00000000d6600000, 0x00000000d7a00000, 0x0000000100000000)
  eden space 9728K, 18% used [0x00000000d6600000,0x00000000d67bdf90,0x00000000d6f80000)
  from space 1536K, 0% used [0x00000000d7380000,0x00000000d7380000,0x00000000d7500000)
  to   space 4096K, 0% used [0x00000000d6f80000,0x00000000d6f80000,0x00000000d7380000)
 ParOldGen       total 10240K, used 4771K [0x0000000083200000, 0x0000000083c00000, 0x00000000d6600000)
  object space 10240K, 46% used [0x0000000083200000,0x00000000836a8d90,0x0000000083c00000)
 Metaspace       used 7316K, capacity 8180K, committed 8320K, reserved 1056768K
  class space    used 863K, capacity 880K, committed 896K, reserved 1048576K
GC Heap History (10 events):
Event: 0.213 GC heap before
{Heap before GC invocations=3 (full 0):
 PSYoungGen      total 3584K, used 3488K [0x00000000d6600000, 0x00000000d6a00000, 0x0000000100000000)
  eden space 3072K, 97% used [0x00000000d6600000,0x00000000d68f0110,0x00000000d6900000)
  from space 512K, 93% used [0x00000000d6980000,0x00000000d69f8020,0x00000000d6a00000)
  to   space 512K, 0% used [0x00000000d6900000,0x00000000d6900000,0x00000000d6980000)
 ParOldGen       total 5632K, used 24K [0x0000000083200000, 0x0000000083780000, 0x00000000d6600000)
  object space 5632K, 0% used [0x0000000083200000,0x0000000083206000,0x0000000083780000)
 Metaspace       used 4765K, capacity 5964K, committed 6272K, reserved 1056768K
  class space    used 558K, capacity 584K, committed 640K, reserved 1048576K
Event: 0.216 GC heap after
Heap after GC invocations=3 (full 0):
 PSYoungGen      total 3584K, used 495K [0x00000000d6600000, 0x00000000d6d00000, 0x0000000100000000)
  eden space 3072K, 0% used [0x00000000d6600000,0x00000000d6600000,0x00000000d6900000)
  from space 512K, 96% used [0x00000000d6900000,0x00000000d697bc40,0x00000000d6980000)
  to   space 512K, 0% used [0x00000000d6c80000,0x00000000d6c80000,0x00000000d6d00000)
 ParOldGen       total 5632K, used 520K [0x0000000083200000, 0x0000000083780000, 0x00000000d6600000)
  object space 5632K, 9% used [0x0000000083200000,0x0000000083282020,0x0000000083780000)
 Metaspace       used 4765K, capacity 5964K, committed 6272K, reserved 1056768K
  class space    used 558K, capacity 584K, committed 640K, reserved 1048576K
}
Event: 0.264 GC heap before
{Heap before GC invocations=4 (full 0):
 PSYoungGen      total 3584K, used 3567K [0x00000000d6600000, 0x00000000d6d00000, 0x0000000100000000)
  eden space 3072K, 100% used [0x00000000d6600000,0x00000000d6900000,0x00000000d6900000)
  from space 512K, 96% used [0x00000000d6900000,0x00000000d697bc40,0x00000000d6980000)
  to   space 512K, 0% used [0x00000000d6c80000,0x00000000d6c80000,0x00000000d6d00000)
 ParOldGen       total 5632K, used 520K [0x0000000083200000, 0x0000000083780000, 0x00000000d6600000)
  object space 5632K, 9% used [0x0000000083200000,0x0000000083282020,0x0000000083780000)
 Metaspace       used 5597K, capacity 6796K, committed 6912K, reserved 1056768K
  class space    used 681K, capacity 712K, committed 768K, reserved 1048576K
Event: 0.265 GC heap after
Heap after GC invocations=4 (full 0):
 PSYoungGen      total 6656K, used 512K [0x00000000d6600000, 0x00000000d6d00000, 0x0000000100000000)
  eden space 6144K, 0% used [0x00000000d6600000,0x00000000d6600000,0x00000000d6c00000)
  from space 512K, 100% used [0x00000000d6c80000,0x00000000d6d00000,0x00000000d6d00000)
  to   space 512K, 0% used [0x00000000d6c00000,0x00000000d6c00000,0x00000000d6c80000)
 ParOldGen       total 5632K, used 560K [0x0000000083200000, 0x0000000083780000, 0x00000000d6600000)
  object space 5632K, 9% used [0x0000000083200000,0x000000008328c020,0x0000000083780000)
 Metaspace       used 5597K, capacity 6796K, committed 6912K, reserved 1056768K
  class space    used 681K, capacity 712K, committed 768K, reserved 1048576K
}
Event: 0.417 GC heap before
{Heap before GC invocations=5 (full 0):
 PSYoungGen      total 6656K, used 5240K [0x00000000d6600000, 0x00000000d6d00000, 0x0000000100000000)
  eden space 6144K, 76% used [0x00000000d6600000,0x00000000d6a9e068,0x00000000d6c00000)
  from space 512K, 100% used [0x00000000d6c80000,0x00000000d6d00000,0x00000000d6d00000)
  to   space 512K, 0% used [0x00000000d6c00000,0x00000000d6c00000,0x00000000d6c80000)
 ParOldGen       total 5632K, used 560K [0x0000000083200000, 0x0000000083780000, 0x00000000d6600000)
  object space 5632K, 9% used [0x0000000083200000,0x000000008328c020,0x0000000083780000)
 Metaspace       used 7179K, capacity 8116K, committed 8320K, reserved 1056768K
  class space    used 856K, capacity 880K, committed 896K, reserved 1048576K
Event: 0.421 GC heap after
Heap after GC invocations=5 (full 0):
 PSYoungGen      total 6656K, used 512K [0x00000000d6600000, 0x00000000d7500000, 0x0000000100000000)
  eden space 6144K, 0% used [0x00000000d6600000,0x00000000d6600000,0x00000000d6c00000)
  from space 512K, 100% used [0x00000000d6c00000,0x00000000d6c80000,0x00000000d6c80000)
  to   space 1536K, 0% used [0x00000000d7380000,0x00000000d7380000,0x00000000d7500000)
 ParOldGen       total 5632K, used 1193K [0x0000000083200000, 0x0000000083780000, 0x00000000d6600000)
  object space 5632K, 21% used [0x0000000083200000,0x000000008332a5c8,0x0000000083780000)
 Metaspace       used 7179K, capacity 8116K, committed 8320K, reserved 1056768K
  class space    used 856K, capacity 880K, committed 896K, reserved 1048576K
}
Event: 0.480 GC heap before
{Heap before GC invocations=6 (full 0):
 PSYoungGen      total 6656K, used 6655K [0x00000000d6600000, 0x00000000d7500000, 0x0000000100000000)
  eden space 6144K, 99% used [0x00000000d6600000,0x00000000d6bffff0,0x00000000d6c00000)
  from space 512K, 100% used [0x00000000d6c00000,0x00000000d6c80000,0x00000000d6c80000)
  to   space 1536K, 0% used [0x00000000d7380000,0x00000000d7380000,0x00000000d7500000)
 ParOldGen       total 5632K, used 1193K [0x0000000083200000, 0x0000000083780000, 0x00000000d6600000)
  object space 5632K, 21% used [0x0000000083200000,0x000000008332a5c8,0x0000000083780000)
 Metaspace       used 7240K, capacity 8116K, committed 8320K, reserved 1056768K
  class space    used 860K, capacity 880K, committed 896K, reserved 1048576K
Event: 0.505 GC heap after
Heap after GC invocations=6 (full 0):
 PSYoungGen      total 11264K, used 1536K [0x00000000d6600000, 0x00000000d7a00000, 0x0000000100000000)
  eden space 9728K, 0% used [0x00000000d6600000,0x00000000d6600000,0x00000000d6f80000)
  from space 1536K, 100% used [0x00000000d7380000,0x00000000d7500000,0x00000000d7500000)
  to   space 4096K, 0% used [0x00000000d6f80000,0x00000000d6f80000,0x00000000d7380000)
 ParOldGen       total 5632K, used 4770K [0x0000000083200000, 0x0000000083780000, 0x00000000d6600000)
  object space 5632K, 84% used [0x0000000083200000,0x00000000836a88f8,0x0000000083780000)
 Metaspace       used 7240K, capacity 8116K, committed 8320K, reserved 1056768K
  class space    used 860K, capacity 880K, committed 896K, reserved 1048576K
}
Event: 0.506 GC heap before
{Heap before GC invocations=7 (full 1):
 PSYoungGen      total 11264K, used 1536K [0x00000000d6600000, 0x00000000d7a00000, 0x0000000100000000)
  eden space 9728K, 0% used [0x00000000d6600000,0x00000000d6600000,0x00000000d6f80000)
  from space 1536K, 100% used [0x00000000d7380000,0x00000000d7500000,0x00000000d7500000)
  to   space 4096K, 0% used [0x00000000d6f80000,0x00000000d6f80000,0x00000000d7380000)
 ParOldGen       total 5632K, used 4770K [0x0000000083200000, 0x0000000083780000, 0x00000000d6600000)
  object space 5632K, 84% used [0x0000000083200000,0x00000000836a88f8,0x0000000083780000)
 Metaspace       used 7240K, capacity 8116K, committed 8320K, reserved 1056768K
  class space    used 860K, capacity 880K, committed 896K, reserved 1048576K
Event: 0.547 GC heap after
Heap after GC invocations=7 (full 1):
 PSYoungGen      total 11264K, used 0K [0x00000000d6600000, 0x00000000d7a00000, 0x0000000100000000)
  eden space 9728K, 0% used [0x00000000d6600000,0x00000000d6600000,0x00000000d6f80000)
  from space 1536K, 0% used [0x00000000d7380000,0x00000000d7380000,0x00000000d7500000)
  to   space 4096K, 0% used [0x00000000d6f80000,0x00000000d6f80000,0x00000000d7380000)
 ParOldGen       total 10240K, used 4771K [0x0000000083200000, 0x0000000083c00000, 0x00000000d6600000)
  object space 10240K, 46% used [0x0000000083200000,0x00000000836a8d90,0x0000000083c00000)
 Metaspace       used 7240K, capacity 8116K, committed 8320K, reserved 1056768K
  class space    used 860K, capacity 880K, committed 896K, reserved 1048576K
}

