# JRE version: OpenJDK Runtime Environment (8.0_171-b11) (build 1.8.0_171-8u171-b11-1~deb9u1-b11)
# Java VM: OpenJDK 64-Bit Server VM (25.171-b11 mixed mode linux-amd64 compressed oops)
Heap:
 PSYoungGen      total 6656K, used 5086K [0x00000000d6600000, 0x00000000d6d00000, 0x0000000100000000)
  eden space 6144K, 74% used [0x00000000d6600000,0x00000000d6a7b918,0x00000000d6c00000)
  from space 512K, 96% used [0x00000000d6c80000,0x00000000d6cfc020,0x00000000d6d00000)
  to   space 512K, 0% used [0x00000000d6c00000,0x00000000d6c00000,0x00000000d6c80000)
 ParOldGen       total 5632K, used 548K [0x0000000083200000, 0x0000000083780000, 0x00000000d6600000)
  object space 5632K, 9% used [0x0000000083200000,0x0000000083289328,0x0000000083780000)
 Metaspace       used 7165K, capacity 8116K, committed 8320K, reserved 1056768K
  class space    used 854K, capacity 880K, committed 896K, reserved 1048576K
GC Heap History (8 events):
Event: 0.138 GC heap before
{Heap before GC invocations=1 (full 0):
 PSYoungGen      total 2048K, used 1536K [0x00000000d6600000, 0x00000000d6880000, 0x0000000100000000)
  eden space 1536K, 100% used [0x00000000d6600000,0x00000000d6780000,0x00000000d6780000)
  from space 512K, 0% used [0x00000000d6800000,0x00000000d6800000,0x00000000d6880000)
  to   space 512K, 0% used [0x00000000d6780000,0x00000000d6780000,0x00000000d6800000)
 ParOldGen       total 5632K, used 0K [0x0000000083200000, 0x0000000083780000, 0x00000000d6600000)
  object space 5632K, 0% used [0x0000000083200000,0x0000000083200000,0x0000000083780000)
 Metaspace       used 3209K, capacity 4812K, committed 5120K, reserved 1056768K
  class space    used 356K, capacity 456K, committed 512K, reserved 1048576K
Event: 0.141 GC heap after
Heap after GC invocations=1 (full 0):
 PSYoungGen      total 2048K, used 432K [0x00000000d6600000, 0x00000000d6a00000, 0x0000000100000000)
  eden space 1536K, 0% used [0x00000000d6600000,0x00000000d6600000,0x00000000d6780000)
  from space 512K, 84% used [0x00000000d6780000,0x00000000d67ec030,0x00000000d6800000)
  to   space 512K, 0% used [0x00000000d6980000,0x00000000d6980000,0x00000000d6a00000)
 ParOldGen       total 5632K, used 0K [0x0000000083200000, 0x0000000083780000, 0x00000000d6600000)
  object space 5632K, 0% used [0x0000000083200000,0x0000000083200000,0x0000000083780000)
 Metaspace       used 3209K, capacity 4812K, committed 5120K, reserved 1056768K
  class space    used 356K, capacity 456K, committed 512K, reserved 1048576K
}
Event: 0.178 GC heap before
{Heap before GC invocations=2 (full 0):
 PSYoungGen      total 2048K, used 1968K [0x00000000d6600000, 0x00000000d6a00000, 0x0000000100000000)
  eden space 1536K, 100% used [0x00000000d6600000,0x00000000d6780000,0x00000000d6780000)
  from space 512K, 84% used [0x00000000d6780000,0x00000000d67ec030,0x00000000d6800000)
  to   space 512K, 0% used [0x00000000d6980000,0x00000000d6980000,0x00000000d6a00000)
 ParOldGen       total 5632K, used 0K [0x0000000083200000, 0x0000000083780000, 0x00000000d6600000)
  object space 5632K, 0% used [0x0000000083200000,0x0000000083200000,0x0000000083780000)
 Metaspace       used 3887K, capacity 5228K, committed 5376K, reserved 1056768K
  class space    used 446K, capacity 488K, committed 512K, reserved 1048576K
Event: 0.183 GC heap after
Heap after GC invocations=2 (full 0):
 PSYoungGen      total 3584K, used 480K [0x00000000d6600000, 0x00000000d6a00000, 0x0000000100000000)
  eden space 3072K, 0% used [0x00000000d6600000,0x00000000d6600000,0x00000000d6900000)
  from space 512K, 93% used [0x00000000d6980000,0x00000000d69f8020,0x00000000d6a00000)
  to   space 512K, 0% used [0x00000000d6900000,0x00000000d6900000,0x00000000d6980000)
 ParOldGen       total 5632K, used 8K [0x0000000083200000, 0x0000000083780000, 0x00000000d6600000)
  object space 5632K, 0% used [0x0000000083200000,0x0000000083202000,0x0000000083780000)
 Metaspace       used 3887K, capacity 5228K, committed 5376K, reserved 1056768K
  class space    used 446K, capacity 488K, committed 512K, reserved 1048576K
}
Event: 0.239 GC heap before
{Heap before GC invocations=3 (full 0):
 PSYoungGen      total 3584K, used 3479K [0x00000000d6600000, 0x00000000d6a00000, 0x0000000100000000)
  eden space 3072K, 97% used [0x00000000d6600000,0x00000000d68edc70,0x00000000d6900000)
  from space 512K, 93% used [0x00000000d6980000,0x00000000d69f8020,0x00000000d6a00000)
  to   space 512K, 0% used [0x00000000d6900000,0x00000000d6900000,0x00000000d6980000)
 ParOldGen       total 5632K, used 8K [0x0000000083200000, 0x0000000083780000, 0x00000000d6600000)
  object space 5632K, 0% used [0x0000000083200000,0x0000000083202000,0x0000000083780000)
 Metaspace       used 4753K, capacity 5964K, committed 6272K, reserved 1056768K
  class space    used 558K, capacity 584K, committed 640K, reserved 1048576K
Event: 0.244 GC heap after
Heap after GC invocations=3 (full 0):
 PSYoungGen      total 3584K, used 511K [0x00000000d6600000, 0x00000000d6d00000, 0x0000000100000000)
  eden space 3072K, 0% used [0x00000000d6600000,0x00000000d6600000,0x00000000d6900000)
  from space 512K, 99% used [0x00000000d6900000,0x00000000d697fc20,0x00000000d6980000)
  to   space 512K, 0% used [0x00000000d6c80000,0x00000000d6c80000,0x00000000d6d00000)
 ParOldGen       total 5632K, used 500K [0x0000000083200000, 0x0000000083780000, 0x00000000d6600000)
  object space 5632K, 8% used [0x0000000083200000,0x000000008327d328,0x0000000083780000)
 Metaspace       used 4753K, capacity 5964K, committed 6272K, reserved 1056768K
  class space    used 558K, capacity 584K, committed 640K, reserved 1048576K
}
Event: 0.301 GC heap before
{Heap before GC invocations=4 (full 0):
 PSYoungGen      total 3584K, used 3583K [0x00000000d6600000, 0x00000000d6d00000, 0x0000000100000000)
  eden space 3072K, 100% used [0x00000000d6600000,0x00000000d6900000,0x00000000d6900000)
  from space 512K, 99% used [0x00000000d6900000,0x00000000d697fc20,0x00000000d6980000)
  to   space 512K, 0% used [0x00000000d6c80000,0x00000000d6c80000,0x00000000d6d00000)
 ParOldGen       total 5632K, used 500K [0x0000000083200000, 0x0000000083780000, 0x00000000d6600000)
  object space 5632K, 8% used [0x0000000083200000,0x000000008327d328,0x0000000083780000)
 Metaspace       used 5577K, capacity 6796K, committed 6912K, reserved 1056768K
  class space    used 681K, capacity 712K, committed 768K, reserved 1048576K
Event: 0.302 GC heap after
Heap after GC invocations=4 (full 0):
 PSYoungGen      total 6656K, used 496K [0x00000000d6600000, 0x00000000d6d00000, 0x0000000100000000)
  eden space 6144K, 0% used [0x00000000d6600000,0x00000000d6600000,0x00000000d6c00000)
  from space 512K, 96% used [0x00000000d6c80000,0x00000000d6cfc020,0x00000000d6d00000)
  to   space 512K, 0% used [0x00000000d6c00000,0x00000000d6c00000,0x00000000d6c80000)
 ParOldGen       total 5632K, used 548K [0x0000000083200000, 0x0000000083780000, 0x00000000d6600000)
  object space 5632K, 9% used [0x0000000083200000,0x0000000083289328,0x0000000083780000)
 Metaspace       used 5577K, capacity 6796K, committed 6912K, reserved 1056768K
  class space    used 681K, capacity 712K, committed 768K, reserved 1048576K
}

